
L A R A V E L  E C H O  S E R V E R

version 1.3.6

⚠ Starting server in DEV mode...

✔  Running at https://homestead.localdev on port 6001
✔  Channels are ready.
✔  Listening for http events...
✔  Listening for redis events...

Server ready!

events.js:183
      throw er; // Unhandled 'error' event
      ^

Error: getaddrinfo ENOTFOUND https://homestead.localdev
    at errnoException (dns.js:50:10)
    at GetAddrInfoReqWrap.onlookup [as oncomplete] (dns.js:92:26)

L A R A V E L  E C H O  S E R V E R

version 1.3.6

⚠ Starting server in DEV mode...

✔  Running at https://homestead.localdev on port 6001
✔  Channels are ready.
✔  Listening for http events...
events.js:183
      throw er; // Unhandled 'error' event
      ^

Error: getaddrinfo ENOTFOUND https://homestead.localdev
    at errnoException (dns.js:50:10)
    at GetAddrInfoReqWrap.onlookup [as oncomplete] (dns.js:92:26)

L A R A V E L  E C H O  S E R V E R

version 1.3.6

⚠ Starting server in DEV mode...

✔  Running at https://homestead.localdev on port 6001
✔  Channels are ready.
✔  Listening for http events...
events.js:183
      throw er; // Unhandled 'error' event
      ^

Error: getaddrinfo ENOTFOUND https://homestead.localdev
    at errnoException (dns.js:50:10)
    at GetAddrInfoReqWrap.onlookup [as oncomplete] (dns.js:92:26)

L A R A V E L  E C H O  S E R V E R

version 1.3.6

⚠ Starting server in DEV mode...

✔  Running at https://homestead.localdev on port 6001
✔  Channels are ready.
✔  Listening for http events...
events.js:183
      throw er; // Unhandled 'error' event
      ^

Error: getaddrinfo ENOTFOUND https://homestead.localdev
    at errnoException (dns.js:50:10)
    at GetAddrInfoReqWrap.onlookup [as oncomplete] (dns.js:92:26)

L A R A V E L  E C H O  S E R V E R

version 1.3.6

⚠ Starting server in DEV mode...

✔  Running at localhost on port 6001
✔  Channels are ready.
✔  Listening for http events...
✔  Listening for redis events...

Server ready!

[22:28:47] - tWtV-muEzKRZcSy1AAAA joined channel: global
[22:28:59] - tWtV-muEzKRZcSy1AAAA left channel: global (transport close)
[22:29:00] - iw4kGM_SL9T5FasGAAAB joined channel: global
[22:29:00] - iw4kGM_SL9T5FasGAAAB left channel: global (transport close)
[22:29:02] - Xaof9EYJKIxPnySNAAAC joined channel: global
[22:29:05] - Xaof9EYJKIxPnySNAAAC authenticated for: private-App.User.1
[22:29:05] - Xaof9EYJKIxPnySNAAAC joined channel: private-App.User.1
[22:29:10] - Xaof9EYJKIxPnySNAAAC left channel: global (transport close)
[22:29:10] - Xaof9EYJKIxPnySNAAAC left channel: private-App.User.1 (transport close)
[22:29:12] - 6rUyJLrCxzrKOHQ_AAAD joined channel: global
[22:29:13] - 6rUyJLrCxzrKOHQ_AAAD authenticated for: private-App.User.1
[22:29:13] - 6rUyJLrCxzrKOHQ_AAAD joined channel: private-App.User.1
[22:29:15] - 6rUyJLrCxzrKOHQ_AAAD left channel: global (transport close)
[22:29:15] - 6rUyJLrCxzrKOHQ_AAAD left channel: private-App.User.1 (transport close)
[22:29:16] - y_oZF9YUV-P3JM6WAAAE joined channel: global
[22:29:17] - y_oZF9YUV-P3JM6WAAAE authenticated for: private-App.User.1
[22:29:17] - y_oZF9YUV-P3JM6WAAAE joined channel: private-App.User.1
[22:29:19] - y_oZF9YUV-P3JM6WAAAE left channel: global (transport close)
[22:29:19] - y_oZF9YUV-P3JM6WAAAE left channel: private-App.User.1 (transport close)
[22:29:21] - tiXvShujIyOdjnitAAAF joined channel: global
[22:29:26] - tiXvShujIyOdjnitAAAF left channel: global (transport close)
[22:29:28] - MhF6erZWtjlbloQbAAAG joined channel: global
[22:29:31] - MhF6erZWtjlbloQbAAAG authenticated for: private-App.User.2
[22:29:31] - MhF6erZWtjlbloQbAAAG joined channel: private-App.User.2
[22:29:57] - MhF6erZWtjlbloQbAAAG left channel: global (transport close)
[22:29:57] - MhF6erZWtjlbloQbAAAG left channel: private-App.User.2 (transport close)
[22:29:59] - vBcZqveLG7dG7cC-AAAH joined channel: global
[22:30:01] - vBcZqveLG7dG7cC-AAAH authenticated for: private-App.User.2
[22:30:01] - vBcZqveLG7dG7cC-AAAH joined channel: private-App.User.2
Channel: private-App.User.29
Event: Illuminate\Notifications\Events\BroadcastNotificationCreated
CHANNEL private-App.User.29
Channel: private-App.User.76
Event: Illuminate\Notifications\Events\BroadcastNotificationCreated
CHANNEL private-App.User.76
Channel: private-App.User.2
Event: Illuminate\Notifications\Events\BroadcastNotificationCreated
CHANNEL private-App.User.2
[22:31:16] - JaN8CwAM-20-PwtIAAAI joined channel: global
[22:31:20] - JaN8CwAM-20-PwtIAAAI left channel: global (transport close)
[22:31:36] - vBcZqveLG7dG7cC-AAAH left channel: global (transport close)
[22:31:36] - vBcZqveLG7dG7cC-AAAH left channel: private-App.User.2 (transport close)
[22:33:37] - pPYc1cLkoxt5nLcXAAAJ joined channel: global
[22:33:40] - pPYc1cLkoxt5nLcXAAAJ authenticated for: private-App.User.2
[22:33:40] - pPYc1cLkoxt5nLcXAAAJ joined channel: private-App.User.2
[22:33:41] - pPYc1cLkoxt5nLcXAAAJ left channel: global (transport close)
[22:33:41] - pPYc1cLkoxt5nLcXAAAJ left channel: private-App.User.2 (transport close)
[22:35:08] - 5GdsdlZmxWac5PldAAAK joined channel: global
[22:35:10] - 5GdsdlZmxWac5PldAAAK authenticated for: private-App.User.2
[22:35:10] - 5GdsdlZmxWac5PldAAAK joined channel: private-App.User.2
[22:35:21] - q47D01X_h1gTF5yvAAAL joined channel: global
[22:35:24] - q47D01X_h1gTF5yvAAAL left channel: global (transport close)
[22:35:29] - 5GdsdlZmxWac5PldAAAK left channel: global (transport close)
[22:35:29] - 5GdsdlZmxWac5PldAAAK left channel: private-App.User.2 (transport close)
[22:35:31] - neoEDy4CX5PUNNppAAAM joined channel: global
[22:35:33] - S4OcXez0uWzpv8EZAAAN joined channel: global
[22:35:34] - neoEDy4CX5PUNNppAAAM authenticated for: private-App.User.2
[22:35:34] - neoEDy4CX5PUNNppAAAM joined channel: private-App.User.2
[22:35:47] - S4OcXez0uWzpv8EZAAAN left channel: global (transport close)
[22:35:48] - CtpYb--vEYWTP7kRAAAO joined channel: global
[22:35:50] - CtpYb--vEYWTP7kRAAAO authenticated for: private-App.User.2
[22:35:50] - CtpYb--vEYWTP7kRAAAO joined channel: private-App.User.2
[22:35:55] - neoEDy4CX5PUNNppAAAM left channel: global (transport close)
[22:35:55] - neoEDy4CX5PUNNppAAAM left channel: private-App.User.2 (transport close)
[22:36:07] - CtpYb--vEYWTP7kRAAAO left channel: global (transport close)
[22:36:07] - CtpYb--vEYWTP7kRAAAO left channel: private-App.User.2 (transport close)
[22:36:08] - bVAoN_TFDf8zFjs2AAAP joined channel: global
[22:36:10] - bVAoN_TFDf8zFjs2AAAP authenticated for: private-App.User.2
[22:36:10] - bVAoN_TFDf8zFjs2AAAP joined channel: private-App.User.2
Channel: private-App.User.29
Event: Illuminate\Notifications\Events\BroadcastNotificationCreated
CHANNEL private-App.User.29
Channel: private-App.User.76
Event: Illuminate\Notifications\Events\BroadcastNotificationCreated
CHANNEL private-App.User.76
Channel: private-App.User.2
Event: Illuminate\Notifications\Events\BroadcastNotificationCreated
CHANNEL private-App.User.2
[22:37:36] - _qzifQyKSoiPDupLAAAQ joined channel: global
[22:37:38] - _qzifQyKSoiPDupLAAAQ authenticated for: private-App.User.2
[22:37:38] - _qzifQyKSoiPDupLAAAQ joined channel: private-App.User.2
[22:37:42] - _qzifQyKSoiPDupLAAAQ left channel: global (transport close)
[22:37:42] - _qzifQyKSoiPDupLAAAQ left channel: private-App.User.2 (transport close)
[22:37:43] - 7sHjIR_m4CLDvuBrAAAR joined channel: global
[22:37:45] - 7sHjIR_m4CLDvuBrAAAR authenticated for: private-App.User.2
[22:37:45] - 7sHjIR_m4CLDvuBrAAAR joined channel: private-App.User.2
Channel: private-App.User.29
Event: Illuminate\Notifications\Events\BroadcastNotificationCreated
CHANNEL private-App.User.29
Channel: private-App.User.76
Event: Illuminate\Notifications\Events\BroadcastNotificationCreated
CHANNEL private-App.User.76
Channel: private-App.User.2
Event: Illuminate\Notifications\Events\BroadcastNotificationCreated
CHANNEL private-App.User.2
[22:38:13] - 7sHjIR_m4CLDvuBrAAAR left channel: global (transport close)
[22:38:13] - 7sHjIR_m4CLDvuBrAAAR left channel: private-App.User.2 (transport close)
[22:38:13] - bVAoN_TFDf8zFjs2AAAP left channel: global (transport close)
[22:38:13] - bVAoN_TFDf8zFjs2AAAP left channel: private-App.User.2 (transport close)
[22:38:14] - ZOlYbW4ObLgMEKLKAAAS joined channel: global
[22:38:15] - 7wx07oOueXE2yxWHAAAT joined channel: global
[22:38:15] - ZOlYbW4ObLgMEKLKAAAS authenticated for: private-App.User.2
[22:38:15] - ZOlYbW4ObLgMEKLKAAAS joined channel: private-App.User.2
[22:38:16] - 7wx07oOueXE2yxWHAAAT authenticated for: private-App.User.2
[22:38:16] - 7wx07oOueXE2yxWHAAAT joined channel: private-App.User.2
[22:38:16] - ZOlYbW4ObLgMEKLKAAAS left channel: global (transport close)
[22:38:16] - ZOlYbW4ObLgMEKLKAAAS left channel: private-App.User.2 (transport close)
[22:38:17] - 7wx07oOueXE2yxWHAAAT left channel: global (transport close)
[22:38:17] - 7wx07oOueXE2yxWHAAAT left channel: private-App.User.2 (transport close)
[22:38:18] - 7K4dqLv8EBuKta1WAAAU joined channel: global
[22:38:19] - 7K4dqLv8EBuKta1WAAAU authenticated for: private-App.User.2
[22:38:19] - 7K4dqLv8EBuKta1WAAAU joined channel: private-App.User.2
[22:38:19] - Ln2hiS5vnoh7TrACAAAV joined channel: global
[22:38:21] - Ln2hiS5vnoh7TrACAAAV authenticated for: private-App.User.2
[22:38:21] - Ln2hiS5vnoh7TrACAAAV joined channel: private-App.User.2
[22:40:02] - 7K4dqLv8EBuKta1WAAAU left channel: global (transport close)
[22:40:02] - 7K4dqLv8EBuKta1WAAAU left channel: private-App.User.2 (transport close)
[22:40:02] - Ln2hiS5vnoh7TrACAAAV left channel: global (transport close)
[22:40:02] - Ln2hiS5vnoh7TrACAAAV left channel: private-App.User.2 (transport close)
[22:40:04] - dLvfQmqmd71DhVTeAAAW authenticated for: private-App.User.2
[22:40:04] - dLvfQmqmd71DhVTeAAAW joined channel: private-App.User.2
[22:40:05] - dZ1h4kzd1Tx2We9jAAAX joined channel: global
[22:40:05] - NF_aHLQbbM_yXTebAAAY joined channel: global
[22:40:06] - dZ1h4kzd1Tx2We9jAAAX authenticated for: private-App.User.2
[22:40:06] - dZ1h4kzd1Tx2We9jAAAX joined channel: private-App.User.2
[22:40:07] - NF_aHLQbbM_yXTebAAAY authenticated for: private-App.User.2
[22:40:07] - NF_aHLQbbM_yXTebAAAY joined channel: private-App.User.2
[22:40:08] - bu69QX9L35nIn9dEAAAZ joined channel: global
[22:40:10] - bu69QX9L35nIn9dEAAAZ authenticated for: private-App.User.2
[22:40:10] - bu69QX9L35nIn9dEAAAZ joined channel: private-App.User.2
Channel: private-App.User.29
Event: Illuminate\Notifications\Events\BroadcastNotificationCreated
CHANNEL private-App.User.29
Channel: private-App.User.76
Event: Illuminate\Notifications\Events\BroadcastNotificationCreated
CHANNEL private-App.User.76
Channel: private-App.User.2
Event: Illuminate\Notifications\Events\BroadcastNotificationCreated
CHANNEL private-App.User.2
Channel: private-App.User.29
Event: Illuminate\Notifications\Events\BroadcastNotificationCreated
CHANNEL private-App.User.29
Channel: private-App.User.2
Event: Illuminate\Notifications\Events\BroadcastNotificationCreated
CHANNEL private-App.User.2
Channel: private-App.User.76
Event: Illuminate\Notifications\Events\BroadcastNotificationCreated
CHANNEL private-App.User.76
[22:40:33] - dLvfQmqmd71DhVTeAAAW left channel: private-App.User.2 (ping timeout)
[22:40:35] - dZ1h4kzd1Tx2We9jAAAX left channel: global (ping timeout)
[22:40:35] - dZ1h4kzd1Tx2We9jAAAX left channel: private-App.User.2 (ping timeout)
[22:40:51] - NF_aHLQbbM_yXTebAAAY left channel: global (transport close)
[22:40:51] - NF_aHLQbbM_yXTebAAAY left channel: private-App.User.2 (transport close)
[22:40:51] - bu69QX9L35nIn9dEAAAZ left channel: global (transport close)
[22:40:51] - bu69QX9L35nIn9dEAAAZ left channel: private-App.User.2 (transport close)
[22:40:52] - wNRhsRJn0LcxjrU4AAAa joined channel: global
[22:40:53] - wNRhsRJn0LcxjrU4AAAa authenticated for: private-App.User.2
[22:40:53] - wNRhsRJn0LcxjrU4AAAa joined channel: private-App.User.2
[22:40:53] - wNRhsRJn0LcxjrU4AAAa left channel: global (transport close)
[22:40:53] - wNRhsRJn0LcxjrU4AAAa left channel: private-App.User.2 (transport close)
[22:40:53] - 7E4fUpVy6uC3c2euAAAb joined channel: global
[22:40:53] - 7E4fUpVy6uC3c2euAAAb authenticated for: private-App.User.2
[22:40:53] - 7E4fUpVy6uC3c2euAAAb joined channel: private-App.User.2
[22:40:54] - 7E4fUpVy6uC3c2euAAAb left channel: global (transport close)
[22:40:54] - 7E4fUpVy6uC3c2euAAAb left channel: private-App.User.2 (transport close)
[22:40:56] - qYYFek8nVDxbLW1jAAAc joined channel: global
[22:40:57] - 921moNqNcHxYf7soAAAd joined channel: global
[22:40:57] - qYYFek8nVDxbLW1jAAAc authenticated for: private-App.User.2
[22:40:57] - qYYFek8nVDxbLW1jAAAc joined channel: private-App.User.2
[22:40:58] - 921moNqNcHxYf7soAAAd authenticated for: private-App.User.2
[22:40:58] - 921moNqNcHxYf7soAAAd joined channel: private-App.User.2
Channel: private-App.User.76
Event: Illuminate\Notifications\Events\BroadcastNotificationCreated
CHANNEL private-App.User.76
Channel: private-App.User.29
Event: Illuminate\Notifications\Events\BroadcastNotificationCreated
CHANNEL private-App.User.29
Channel: private-App.User.2
Event: Illuminate\Notifications\Events\BroadcastNotificationCreated
CHANNEL private-App.User.2
Channel: private-App.User.29
Event: Illuminate\Notifications\Events\BroadcastNotificationCreated
CHANNEL private-App.User.29
Channel: private-App.User.76
Event: Illuminate\Notifications\Events\BroadcastNotificationCreated
CHANNEL private-App.User.76
Channel: private-App.User.2
Event: Illuminate\Notifications\Events\BroadcastNotificationCreated
CHANNEL private-App.User.2
[22:43:48] - 921moNqNcHxYf7soAAAd left channel: global (transport close)
[22:43:48] - 921moNqNcHxYf7soAAAd left channel: private-App.User.2 (transport close)
[22:43:49] - qYYFek8nVDxbLW1jAAAc left channel: global (transport close)
[22:43:49] - qYYFek8nVDxbLW1jAAAc left channel: private-App.User.2 (transport close)
[22:43:50] - -wESFHsQDpzU3oXqAAAe joined channel: global
[22:43:51] - llu0ykSyf8O31rNSAAAf joined channel: global
[22:43:51] - llu0ykSyf8O31rNSAAAf left channel: global (transport close)
[22:43:53] - cT3l-ihCcZ5mXhZHAAAg joined channel: global
[22:43:53] - llu0ykSyf8O31rNSAAAf authenticated for: private-App.User.2
[22:43:53] - llu0ykSyf8O31rNSAAAf joined channel: private-App.User.2
[22:43:53] - -wESFHsQDpzU3oXqAAAe authenticated for: private-App.User.2
[22:43:53] - -wESFHsQDpzU3oXqAAAe joined channel: private-App.User.2
[22:43:54] - cT3l-ihCcZ5mXhZHAAAg authenticated for: private-App.User.2
[22:43:54] - cT3l-ihCcZ5mXhZHAAAg joined channel: private-App.User.2
[22:45:19] - cT3l-ihCcZ5mXhZHAAAg left channel: global (transport close)
[22:45:19] - cT3l-ihCcZ5mXhZHAAAg left channel: private-App.User.2 (transport close)
[22:45:19] - -wESFHsQDpzU3oXqAAAe left channel: global (transport close)
[22:45:19] - -wESFHsQDpzU3oXqAAAe left channel: private-App.User.2 (transport close)
[22:45:20] - pJva6C4OA5B0SwkGAAAh joined channel: global
[22:45:21] - 95MsVFrxKLVvWCqkAAAi joined channel: global
[22:45:21] - pJva6C4OA5B0SwkGAAAh authenticated for: private-App.User.2
[22:45:21] - pJva6C4OA5B0SwkGAAAh joined channel: private-App.User.2
[22:45:22] - 95MsVFrxKLVvWCqkAAAi left channel: global (transport close)
[22:45:22] - 95MsVFrxKLVvWCqkAAAi authenticated for: private-App.User.2
[22:45:22] - 95MsVFrxKLVvWCqkAAAi joined channel: private-App.User.2
[22:45:24] - QppBE1_RfQiRmPQjAAAj joined channel: global
[22:45:25] - QppBE1_RfQiRmPQjAAAj authenticated for: private-App.User.2
[22:45:25] - QppBE1_RfQiRmPQjAAAj joined channel: private-App.User.2
[22:45:25] - Kk-A-Y2VfzdMWXK8AAAk joined channel: global
[22:45:26] - Kk-A-Y2VfzdMWXK8AAAk authenticated for: private-App.User.2
[22:45:26] - Kk-A-Y2VfzdMWXK8AAAk joined channel: private-App.User.2
Channel: private-App.User.29
Event: Illuminate\Notifications\Events\BroadcastNotificationCreated
CHANNEL private-App.User.29
Channel: private-App.User.76
Event: Illuminate\Notifications\Events\BroadcastNotificationCreated
CHANNEL private-App.User.76
Channel: private-App.User.2
Event: Illuminate\Notifications\Events\BroadcastNotificationCreated
CHANNEL private-App.User.2
Channel: private-App.User.29
Event: Illuminate\Notifications\Events\BroadcastNotificationCreated
CHANNEL private-App.User.29
Channel: private-App.User.76
Event: Illuminate\Notifications\Events\BroadcastNotificationCreated
CHANNEL private-App.User.76
Channel: private-App.User.2
Event: Illuminate\Notifications\Events\BroadcastNotificationCreated
CHANNEL private-App.User.2
[22:45:39] - QppBE1_RfQiRmPQjAAAj left channel: global (transport close)
[22:45:39] - QppBE1_RfQiRmPQjAAAj left channel: private-App.User.2 (transport close)
[22:45:39] - Kk-A-Y2VfzdMWXK8AAAk left channel: global (transport close)
[22:45:39] - Kk-A-Y2VfzdMWXK8AAAk left channel: private-App.User.2 (transport close)
[22:45:41] - Uq9R-1tgkI1F_Oz0AAAl joined channel: global
[22:45:43] - Uq9R-1tgkI1F_Oz0AAAl authenticated for: private-App.User.2
[22:45:43] - Uq9R-1tgkI1F_Oz0AAAl joined channel: private-App.User.2
[22:45:45] - x2Fj0f2LovZNLpeAAAAm joined channel: global
[22:45:45] - x2Fj0f2LovZNLpeAAAAm authenticated for: private-App.User.2
[22:45:45] - x2Fj0f2LovZNLpeAAAAm joined channel: private-App.User.2
[22:45:50] - pJva6C4OA5B0SwkGAAAh left channel: global (ping timeout)
[22:45:50] - pJva6C4OA5B0SwkGAAAh left channel: private-App.User.2 (ping timeout)
[22:46:10] - Uq9R-1tgkI1F_Oz0AAAl left channel: global (transport close)
[22:46:10] - Uq9R-1tgkI1F_Oz0AAAl left channel: private-App.User.2 (transport close)
[22:46:10] - x2Fj0f2LovZNLpeAAAAm left channel: global (transport close)
[22:46:10] - x2Fj0f2LovZNLpeAAAAm left channel: private-App.User.2 (transport close)
[22:46:12] - 71gQZ4AWDb2nUnREAAAn joined channel: global
[22:46:13] - 71gQZ4AWDb2nUnREAAAn authenticated for: private-App.User.2
[22:46:13] - 71gQZ4AWDb2nUnREAAAn joined channel: private-App.User.2
[22:46:13] - 71gQZ4AWDb2nUnREAAAn left channel: global (transport close)
[22:46:13] - 71gQZ4AWDb2nUnREAAAn left channel: private-App.User.2 (transport close)
[22:46:13] - lmgqOgBEQeHJtRnfAAAo joined channel: global
[22:46:15] - lmgqOgBEQeHJtRnfAAAo authenticated for: private-App.User.2
[22:46:15] - lmgqOgBEQeHJtRnfAAAo joined channel: private-App.User.2
[22:46:16] - hMtfo6h2MSc6MncVAAAp joined channel: global
[22:46:16] - hMtfo6h2MSc6MncVAAAp authenticated for: private-App.User.2
[22:46:16] - hMtfo6h2MSc6MncVAAAp joined channel: private-App.User.2
